<?xml version="1.0"?>
<!--Phoronix Test Suite v6.4.0m3-->
<PhoronixTestSuite>
  <TestInformation>
    <Title>Perl Benchmarks</Title>
    <Description>Perl benchmark suite that can be used to compare the relative speed of different versions of perl.</Description>
    <ResultScale>seconds</ResultScale>
    <Proportion>LIB</Proportion>
    <TimesToRun>3</TimesToRun>
  </TestInformation>
  <TestProfile>
    <Version>1.0.0</Version>
    <SupportedPlatforms>Linux</SupportedPlatforms>
    <SoftwareType>Utility</SoftwareType>
    <TestType>Processor</TestType>
    <License>Free</License>
    <Status>Verified</Status>
    <ExternalDependencies>perl, perl-digest-md5</ExternalDependencies>
    <ProjectURL>https://github.com/gisle/perlbench</ProjectURL>
    <Maintainer>Gabriela Cervantes</Maintainer>
  </TestProfile>
  <TestSettings>
    <Option>
      <DisplayName>Test</DisplayName>
      <Identifier>run-test</Identifier>
      <ArgumentPrefix></ArgumentPrefix>
      <ArgumentPostfix></ArgumentPostfix>
      <DefaultEntry>0</DefaultEntry>
      <Menu>
        <Entry>
          <Name>Pod2html</Name>
          <Value>benchmarks/app/podhtml.b</Value>
          <Message></Message>
        </Entry>
        <Entry>
          <Name>Interpreter</Name>
          <Value>benchmarks/startup/noprog.b</Value>
          <Message></Message>
        </Entry>
      </Menu>
    </Option>
  </TestSettings>
</PhoronixTestSuite>
