<?xml version="1.0"?>
<!--Phoronix Test Suite v6.8.0m2-->
<PhoronixTestSuite>
  <TestInformation>
    <Title>Darktable</Title>
    <Description>Darktable is an open-source photography / workflow application.</Description>
    <ResultScale>Seconds</ResultScale>
    <Proportion>LIB</Proportion>
    <TimesToRun>3</TimesToRun>
  </TestInformation>
  <TestProfile>
    <Version>1.0.0</Version>
    <SupportedPlatforms>Linux</SupportedPlatforms>
    <SoftwareType>Benchmark</SoftwareType>
    <TestType>System</TestType>
    <License>Free</License>
    <Status>Verified</Status>
    <EnvironmentSize>100</EnvironmentSize>
    <ProjectURL>http://www.darktable.org/</ProjectURL>
    <Maintainer>Michael Larabel</Maintainer>
    <SystemDependencies>darktable</SystemDependencies>
  </TestProfile>
  <TestSettings>
    <Option>
      <DisplayName>Test</DisplayName>
      <Identifier>test</Identifier>
      <ArgumentPrefix></ArgumentPrefix>
      <ArgumentPostfix> output.jpg</ArgumentPostfix>
      <DefaultEntry>0</DefaultEntry>
      <Menu>
        <Entry>
          <Name>Boat</Name>
          <Value>bench.SRW</Value>
          <Message></Message>
        </Entry>
        <Entry>
          <Name>Masskrug</Name>
          <Value>masskrug.NEF</Value>
          <Message></Message>
        </Entry>
        <Entry>
          <Name>Server Room</Name>
          <Value>server_room.NEF</Value>
          <Message></Message>
        </Entry>
      </Menu>
    </Option>
    <Option>
      <DisplayName>Acceleration</DisplayName>
      <Identifier>accel</Identifier>
      <ArgumentPrefix></ArgumentPrefix>
      <ArgumentPostfix></ArgumentPostfix>
      <DefaultEntry>0</DefaultEntry>
      <Menu>
        <Entry>
          <Name>CPU-only</Name>
          <Value>--core -d perf --disable-opencl</Value>
          <Message></Message>
        </Entry>
        <Entry>
          <Name>OpenCL</Name>
          <Value>--core -d opencl -d perf</Value>
          <Message></Message>
        </Entry>
      </Menu>
    </Option>
  </TestSettings>
</PhoronixTestSuite>
