<?xml version="1.0"?>
<!--Phoronix Test Suite v5.8.0m1 (Belev)-->
<PhoronixTestSuite>
  <TestInformation>
    <Title>SuperTuxKart</Title>
    <AppVersion>0.9</AppVersion>
    <Description>This is a test of SuperTuxKart, which is an open-source racing game. This game uses Irrlicht/Antarctica, OpenAL, and other technologies.</Description>
    <ResultScale>Frames Per Second</ResultScale>
    <Proportion>HIB</Proportion>
    <TimesToRun>3</TimesToRun>
  </TestInformation>
  <TestProfile>
    <Version>1.3.0</Version>
    <SupportedPlatforms>Linux</SupportedPlatforms>
    <SoftwareType>Game</SoftwareType>
    <TestType>Graphics</TestType>
    <License>Free</License>
    <Status>Verified</Status>
    <SupportedArchitectures>x86_64</SupportedArchitectures>
    <EnvironmentSize>564</EnvironmentSize>
    <ProjectURL>http://supertuxkart.sourceforge.net/</ProjectURL>
    <Maintainer>Michael Larabel</Maintainer>
  </TestProfile>
  <TestSettings>
    <Default>
      <Arguments>--profile-time=60 --kart=tux --track=gran_paradiso_island --numkarts=8 --fullscreen --race-now --animations=2 --console</Arguments>
    </Default>
    <Option>
      <DisplayName>Resolution</DisplayName>
      <Identifier>auto-resolution</Identifier>
      <DefaultEntry>0</DefaultEntry>
      <Menu>
        <Entry>
          <Name>$VIDEO_WIDTH x $VIDEO_HEIGHT</Name>
          <Value>--screensize=$VIDEO_WIDTHx$VIDEO_HEIGHT</Value>
        </Entry>
      </Menu>
    </Option>
  </TestSettings>
</PhoronixTestSuite>
