<?xml version="1.0"?>
<!--Phoronix Test Suite v5.4.0m6 (Lipki)-->
<PhoronixTestSuite>
  <TestInformation>
    <Title>Stockfish</Title>
    <AppVersion>2014-11-26</AppVersion>
    <Description>This is a test of Stockfish, an advanced C++11 chess benchmark that can scale up to 128 CPU cores.</Description>
    <ResultScale>ms</ResultScale>
    <Proportion>LIB</Proportion>
    <SubTitle>Total Time</SubTitle>
    <TimesToRun>3</TimesToRun>
  </TestInformation>
  <TestProfile>
    <Version>1.0.0</Version>
    <SupportedPlatforms>Linux, Solaris, MacOSX, BSD</SupportedPlatforms>
    <SoftwareType>Utility</SoftwareType>
    <TestType>Processor</TestType>
    <License>Free</License>
    <Status>Verified</Status>
    <ExternalDependencies>build-utilities</ExternalDependencies>
    <EnvironmentSize>6.0</EnvironmentSize>
    <ProjectURL>http://stockfishchess.org/</ProjectURL>
    <InternalTags>SMP</InternalTags>
    <Maintainer>Michael Larabel</Maintainer>
  </TestProfile>
</PhoronixTestSuite>
