<?xml version="1.0"?>
<!--Phoronix Test Suite v7.0.0m1-->
<PhoronixTestSuite>
  <TestInformation>
    <Title>Memcached 1.3.34 mcperf</Title>
    <AppVersion>0.1.1</AppVersion>
    <Description>This is a test of twmperf/mcperf with memcached.</Description>
    <ResultScale>Operations Per Second</ResultScale>
    <Proportion>HIB</Proportion>
    <TimesToRun>3</TimesToRun>
  </TestInformation>
  <TestProfile>
    <Version>1.0.0</Version>
    <SupportedPlatforms>Linux, Solaris, BSD</SupportedPlatforms>
    <SoftwareType>Utility</SoftwareType>
    <TestType>System</TestType>
    <License>Free</License>
    <Status>Verified</Status>
    <ExternalDependencies>build-utilities</ExternalDependencies>
    <EnvironmentSize>9</EnvironmentSize>
    <ProjectURL>https://github.com/twitter/twemperf</ProjectURL>
    <Maintainer>Michael Larabel</Maintainer>
  </TestProfile>
  <TestSettings>
    <Default>
      <Arguments>--linger=0 --call-rate=0 --num-calls=1000000 --conn-rate=0 --num-conns=1 --sizes=d5120</Arguments>
    </Default>
    <Option>
      <DisplayName>Method</DisplayName>
      <Identifier>method</Identifier>
      <ArgumentPrefix>--method=</ArgumentPrefix>
      <ArgumentPostfix></ArgumentPostfix>
      <DefaultEntry>0</DefaultEntry>
      <Menu>
        <Entry>
          <Name>Get</Name>
          <Value>get</Value>
          <Message></Message>
        </Entry>
        <Entry>
          <Name>Set</Name>
          <Value>set</Value>
          <Message></Message>
        </Entry>
        <Entry>
          <Name>Delete</Name>
          <Value>delete</Value>
          <Message></Message>
        </Entry>
        <Entry>
          <Name>Add</Name>
          <Value>add</Value>
          <Message></Message>
        </Entry>
        <Entry>
          <Name>Replace</Name>
          <Value>replace</Value>
          <Message></Message>
        </Entry>
        <Entry>
          <Name>Append</Name>
          <Value>append</Value>
          <Message></Message>
        </Entry>
        <Entry>
          <Name>Prepend</Name>
          <Value>prepend</Value>
          <Message></Message>
        </Entry>
      </Menu>
    </Option>
  </TestSettings>
</PhoronixTestSuite>
