<?xml version="1.0"?>
<!--Phoronix Test Suite v7.2.0m4-->
<PhoronixTestSuite>
  <TestInformation>
    <Title>Ethereum Ethminer</Title>
    <Description>GThis is a benchmark of the Ethereum Ethminer.</Description>
    <ResultScale>H/s</ResultScale>
    <Proportion>HIB</Proportion>
    <TimesToRun>3</TimesToRun>
  </TestInformation>
  <TestProfile>
    <Version>1.0.0</Version>
    <SoftwareType>Benchmark</SoftwareType>
    <TestType>System</TestType>
    <License>Free</License>
    <Status>Verified</Status>
    <EnvironmentSize>1000</EnvironmentSize>
    <RequiresCoreVersionMin>7140</RequiresCoreVersionMin>
    <Maintainer>Michael Larabel</Maintainer>
    <SystemDependencies>ethminer</SystemDependencies>
  </TestProfile>
  <TestSettings>
    <Option>
      <DisplayName>Device</DisplayName>
      <Identifier>device</Identifier>
      <ArgumentPrefix></ArgumentPrefix>
      <ArgumentPostfix></ArgumentPostfix>
      <DefaultEntry>0</DefaultEntry>
      <Menu>
        <Entry>
          <Name>GPU OpenCL</Name>
          <Value>-G</Value>
          <Message></Message>
        </Entry>
        <Entry>
          <Name>CPU</Name>
          <Value>-C</Value>
          <Message></Message>
        </Entry>
      </Menu>
    </Option>
  </TestSettings>
</PhoronixTestSuite>
