<?xml version="1.0"?>
<!--Phoronix Test Suite v5.8.0m4 (Belev)-->
<PhoronixTestSuite>
  <TestInformation>
    <Title>Flexible IO Tester</Title>
    <AppVersion>2.1.13</AppVersion>
    <Description>Fio is an advanced disk benchmark that depends upon the kernel's AIO access library.</Description>
    <Executable>fio-run</Executable>
    <TimesToRun>3</TimesToRun>
  </TestInformation>
  <TestProfile>
    <Version>1.8.2</Version>
    <SupportedPlatforms>Linux</SupportedPlatforms>
    <SoftwareType>Benchmark</SoftwareType>
    <TestType>Disk</TestType>
    <License>Free</License>
    <Status>Verified</Status>
    <ExternalDependencies>build-utilities, libaio-development</ExternalDependencies>
    <EnvironmentSize>4</EnvironmentSize>
    <ProjectURL>http://git.kernel.dk/?p=fio.git;a=summary</ProjectURL>
    <RequiresCoreVersionMin>5310</RequiresCoreVersionMin>
    <Maintainer>Michael Larabel</Maintainer>
  </TestProfile>
  <TestSettings>
    <Option>
      <DisplayName>Type</DisplayName>
      <Identifier>type</Identifier>
      <DefaultEntry>0</DefaultEntry>
      <Menu>
        <Entry>
          <Name>Random Read</Name>
          <Value>randread</Value>
        </Entry>
        <Entry>
          <Name>Random Write</Name>
          <Value>randwrite</Value>
        </Entry>
        <Entry>
          <Name>Sequential Read</Name>
          <Value>read</Value>
        </Entry>
        <Entry>
          <Name>Sequential Write</Name>
          <Value>write</Value>
        </Entry>
      </Menu>
    </Option>
    <Option>
      <DisplayName>IO Engine</DisplayName>
      <Identifier>engine</Identifier>
      <DefaultEntry>0</DefaultEntry>
      <Menu>
        <Entry>
          <Name>POSIX AIO</Name>
          <Value>posixaio</Value>
        </Entry>
        <Entry>
          <Name>Sync</Name>
          <Value>sync</Value>
        </Entry>
        <Entry>
          <Name>Libaio</Name>
          <Value>libaio</Value>
        </Entry>
      </Menu>
    </Option>
    <Option>
      <DisplayName>Buffered</DisplayName>
      <Identifier>buffered</Identifier>
      <DefaultEntry>0</DefaultEntry>
      <Menu>
        <Entry>
          <Name>Yes</Name>
          <Value>1</Value>
        </Entry>
        <Entry>
          <Name>No</Name>
          <Value>0</Value>
        </Entry>
      </Menu>
    </Option>
    <Option>
      <DisplayName>Direct</DisplayName>
      <Identifier>direct</Identifier>
      <DefaultEntry>0</DefaultEntry>
      <Menu>
        <Entry>
          <Name>No</Name>
          <Value>0</Value>
        </Entry>
        <Entry>
          <Name>Yes</Name>
          <Value>1</Value>
        </Entry>
      </Menu>
    </Option>
    <Option>
      <DisplayName>Block Size</DisplayName>
      <Identifier>size</Identifier>
      <DefaultEntry>0</DefaultEntry>
      <Menu>
        <Entry>
          <Name>4KB</Name>
          <Value>4k</Value>
        </Entry>
        <Entry>
          <Name>8KB</Name>
          <Value>8k</Value>
        </Entry>
        <Entry>
          <Name>16KB</Name>
          <Value>16k</Value>
        </Entry>
        <Entry>
          <Name>32KB</Name>
          <Value>32k</Value>
        </Entry>
        <Entry>
          <Name>64KB</Name>
          <Value>64k</Value>
        </Entry>
        <Entry>
          <Name>128KB</Name>
          <Value>128k</Value>
        </Entry>
        <Entry>
          <Name>256KB</Name>
          <Value>256k</Value>
        </Entry>
        <Entry>
          <Name>512KB</Name>
          <Value>512k</Value>
        </Entry>
        <Entry>
          <Name>1MB</Name>
          <Value>1m</Value>
        </Entry>
        <Entry>
          <Name>2MB</Name>
          <Value>2m</Value>
        </Entry>
        <Entry>
          <Name>4MB</Name>
          <Value>4m</Value>
        </Entry>
        <Entry>
          <Name>8MB</Name>
          <Value>8m</Value>
        </Entry>
        <Entry>
          <Name>16MB</Name>
          <Value>16m</Value>
        </Entry>
        <Entry>
          <Name>32MB</Name>
          <Value>32m</Value>
        </Entry>
        <Entry>
          <Name>64MB</Name>
          <Value>64m</Value>
        </Entry>
        <Entry>
          <Name>128MB</Name>
          <Value>128m</Value>
        </Entry>
      </Menu>
    </Option>
    <Option>
      <DisplayName>Disk Target</DisplayName>
      <Identifier>auto-disk-mount-points</Identifier>
      <DefaultEntry>0</DefaultEntry>
    </Option>
    <Option>
      <DisplayName>Result</DisplayName>
      <Identifier>result</Identifier>
      <DefaultEntry>0</DefaultEntry>
      <Menu>
        <Entry>
          <Name>MB/s</Name>
          <Value>MBS</Value>
        </Entry>
        <Entry>
          <Name>IOPS</Name>
          <Value>IOPS</Value>
        </Entry>
      </Menu>
    </Option>
  </TestSettings>
</PhoronixTestSuite>
