<?xml version="1.0"?>
<!--Phoronix Test Suite v4.8.0m2 (Sokndal)-->
<PhoronixTestSuite>
  <TestInformation>
    <Title>Urban Terror</Title>
    <AppVersion>4.2.013</AppVersion>
    <Description>Urban Terror is an open-source game that uses the ioquake3 engine. Urban Terror is a tactical first-person shooter supported on all major operating systems.</Description>
    <ResultScale>Frames Per Second</ResultScale>
    <Proportion>HIB</Proportion>
    <TimesToRun>3</TimesToRun>
  </TestInformation>
  <TestProfile>
    <Version>1.2.1</Version>
    <SupportedPlatforms>Linux, MacOSX, Windows</SupportedPlatforms>
    <SoftwareType>Game</SoftwareType>
    <TestType>Graphics</TestType>
    <License>Free</License>
    <Status>Verified</Status>
    <SupportedArchitectures>x86, x86_64</SupportedArchitectures>
    <ExternalDependencies>sdl-development</ExternalDependencies>
    <EnvironmentSize>1601</EnvironmentSize>
    <ProjectURL>http://www.urbanterror.net/</ProjectURL>
    <Maintainer>Michael Larabel</Maintainer>
  </TestProfile>
  <TestSettings>
    <Default>
      <Arguments>+timedemo 1 +set demodone "quit" +set demoloop1 "demo ptsut421; set nextdemo vstr demodone" +vstr demoloop1 +set com_speeds 1</Arguments>
    </Default>
    <Option>
      <DisplayName>Resolution</DisplayName>
      <Identifier>auto-resolution</Identifier>
      <Menu>
        <Entry>
          <Name>$VIDEO_WIDTH x $VIDEO_HEIGHT</Name>
          <Value>+set r_customwidth $VIDEO_WIDTH +set r_customheight $VIDEO_HEIGHT</Value>
        </Entry>
      </Menu>
    </Option>
  </TestSettings>
</PhoronixTestSuite>
