<?xml version="1.0"?>
<!--Phoronix Test Suite v7.2.0m1-->
<PhoronixTestSuite>
  <TestInformation>
    <Title>Blender</Title>
    <AppVersion>2.78c</AppVersion>
    <Description>Blender is an open-source 3D creation software project. This test is of Blender's Cycles benchmark with various sample files. GPU computing is supported.</Description>
    <ResultScale>Seconds</ResultScale>
    <Proportion>LIB</Proportion>
    <TimesToRun>1</TimesToRun>
  </TestInformation>
  <TestProfile>
    <Version>1.2.0</Version>
    <SupportedPlatforms>Linux</SupportedPlatforms>
    <SoftwareType>Utility</SoftwareType>
    <TestType>System</TestType>
    <License>Free</License>
    <Status>Verified</Status>
    <SupportedArchitectures>x86_64</SupportedArchitectures>
    <ExternalDependencies>bzip2-development, glut, xorg-development, opencl</ExternalDependencies>
    <EnvironmentSize>760</EnvironmentSize>
    <ProjectURL>https://www.blender.org/</ProjectURL>
    <InternalTags>OpenCL, CUDA</InternalTags>
    <Maintainer>Michael Larabel</Maintainer>
  </TestProfile>
  <TestSettings>
    <Default>
      <Arguments>-noaudio --enable-autoexec</Arguments>
    </Default>
    <Option>
      <DisplayName>Blend File</DisplayName>
      <Identifier>blend</Identifier>
      <ArgumentPrefix>-b </ArgumentPrefix>
      <ArgumentPostfix> -o output.test -x 1 -F JPEG -f 1</ArgumentPostfix>
      <DefaultEntry>0</DefaultEntry>
      <Menu>
        <Entry>
          <Name>BMW27</Name>
          <Value>../benchmark/bmw27/bmw27_gpu.blend</Value>
          <Message></Message>
        </Entry>
        <Entry>
          <Name>Classroom</Name>
          <Value>../benchmark/classroom/classroom_gpu.blend</Value>
          <Message></Message>
        </Entry>
        <Entry>
          <Name>Fishy Cat</Name>
          <Value>../benchmark/fishy_cat/fishy_cat_gpu.blend</Value>
          <Message></Message>
        </Entry>
        <Entry>
          <Name>Pabellon Barcelona</Name>
          <Value>../benchmark/pabellon_barcelona/pavillon_barcelone_gpu.blend</Value>
          <Message></Message>
        </Entry>
      </Menu>
    </Option>
    <Option>
      <DisplayName>Compute</DisplayName>
      <Identifier>compute</Identifier>
      <ArgumentPrefix> </ArgumentPrefix>
      <ArgumentPostfix></ArgumentPostfix>
      <DefaultEntry>0</DefaultEntry>
      <Menu>
        <Entry>
          <Name>CPU-Only</Name>
          <Value>NONE</Value>
          <Message></Message>
        </Entry>
        <Entry>
          <Name>OpenCL</Name>
          <Value>OPENCL</Value>
          <Message></Message>
        </Entry>
        <Entry>
          <Name>CUDA</Name>
          <Value>CUDA</Value>
          <Message></Message>
        </Entry>
      </Menu>
    </Option>
  </TestSettings>
</PhoronixTestSuite>
